<?xml version="1.0" encoding="UTF-8"?>
<testng-results skipped="0" failed="0" total="2" passed="2">
  <reporter-output>
  </reporter-output>
  <suite name="Default suite" duration-ms="62814" started-at="2019-10-11T13:46:57Z" finished-at="2019-10-11T13:48:00Z">
    <groups>
    </groups>
    <test name="Default test" duration-ms="62814" started-at="2019-10-11T13:46:57Z" finished-at="2019-10-11T13:48:00Z">
      <class name="tableandcalendercontrol.TestngGmail">
        <test-method status="PASS" signature="gmaillogin()[pri:0, instance:tableandcalendercontrol.TestngGmail@6d8a00e3]" name="gmaillogin" is-config="true" duration-ms="10069" started-at="2019-10-11T19:16:57Z" finished-at="2019-10-11T19:17:07Z">
          <reporter-output>
          </reporter-output>
        </test-method> <!-- gmaillogin -->
        <test-method status="PASS" signature="getTitle()[pri:1, instance:tableandcalendercontrol.TestngGmail@6d8a00e3]" name="getTitle" duration-ms="28" started-at="2019-10-11T19:17:07Z" finished-at="2019-10-11T19:17:07Z">
          <reporter-output>
          </reporter-output>
        </test-method> <!-- getTitle -->
        <test-method status="PASS" signature="gmaillogout()[pri:0, instance:tableandcalendercontrol.TestngGmail@6d8a00e3]" name="gmaillogout" is-config="true" duration-ms="19977" started-at="2019-10-11T19:17:07Z" finished-at="2019-10-11T19:17:27Z">
          <reporter-output>
          </reporter-output>
        </test-method> <!-- gmaillogout -->
        <test-method status="PASS" signature="gmaillogin()[pri:0, instance:tableandcalendercontrol.TestngGmail@6d8a00e3]" name="gmaillogin" is-config="true" duration-ms="8185" started-at="2019-10-11T19:17:27Z" finished-at="2019-10-11T19:17:35Z">
          <reporter-output>
          </reporter-output>
        </test-method> <!-- gmaillogin -->
        <test-method status="PASS" signature="sendmail()[pri:2, instance:tableandcalendercontrol.TestngGmail@6d8a00e3]" name="sendmail" duration-ms="19953" started-at="2019-10-11T19:17:35Z" finished-at="2019-10-11T19:17:55Z">
          <reporter-output>
          </reporter-output>
        </test-method> <!-- sendmail -->
        <test-method status="PASS" signature="gmaillogout()[pri:0, instance:tableandcalendercontrol.TestngGmail@6d8a00e3]" name="gmaillogout" is-config="true" duration-ms="4572" started-at="2019-10-11T19:17:55Z" finished-at="2019-10-11T19:18:00Z">
          <reporter-output>
          </reporter-output>
        </test-method> <!-- gmaillogout -->
      </class> <!-- tableandcalendercontrol.TestngGmail -->
    </test> <!-- Default test -->
  </suite> <!-- Default suite -->
</testng-results>
